<?xml version="1.0" encoding="UTF-8"?>
<!-- Generated by org.testng.reporters.JUnitReportReporter -->
<testsuite skipped="1" hostname="Vidush-M-Aric" name="sample.Sample" tests="1" failures="0" timestamp="2020-08-24T23:04:27 IST" time="0.000" errors="0">
  <testcase name="test1" time="0.000" classname="sample.Sample">
    <skipped/>
  </testcase> <!-- test1 -->
  <system-out/>
</testsuite> <!-- sample.Sample -->
