<?xml version="1.0" encoding="UTF-8"?>
<!-- Generated by org.testng.reporters.JUnitReportReporter -->
<testsuite skipped="0" hostname="Vidush-M-Aric" name="com.vtigercrm.orgTest.CreateOrgTest" tests="1" failures="0" timestamp="2020-08-13T11:57:02 IST" time="140.716" errors="0">
  <testcase name="createOrgTest" time="140.716" classname="com.vtigercrm.orgTest.CreateOrgTest"/>
  <system-out/>
</testsuite> <!-- com.vtigercrm.orgTest.CreateOrgTest -->
